
Showing logs for build [32mcb-kubecd-environment-pr-1422-2-m2rsd-1[0m stage [32mfrom-build-pack[0m and container [32mstep-credential-initializer-gdsdl[0m
{"level":"info","ts":1587379958.0528905,"logger":"fallback-logger","caller":"logging/config.go:69","msg":"Fetch GitHub commit ID from kodata failed: open /var/run/ko/refs/heads/0.8.0-ns-support: no such file or directory"}
{"level":"info","ts":1587379958.053853,"logger":"fallback-logger","caller":"creds-init/main.go:40","msg":"Credentials initialized."}

Showing logs for build [32mcb-kubecd-environment-pr-1422-2-m2rsd-1[0m stage [32mfrom-build-pack[0m and container [32mstep-working-dir-initializer-6j5rz[0m
{"level":"info","ts":1587379959.4454715,"logger":"fallback-logger","caller":"logging/config.go:69","msg":"Fetch GitHub commit ID from kodata failed: open /var/run/ko/HEAD: no such file or directory"}
{"level":"info","ts":1587379959.4483109,"logger":"fallback-logger","caller":"bash/main.go:64","msg":"Successfully executed command \"sh -c mkdir -p /workspace/source\"; output "}

Showing logs for build [32mcb-kubecd-environment-pr-1422-2-m2rsd-1[0m stage [32mfrom-build-pack[0m and container [32mstep-place-tools[0m

Showing logs for build [32mcb-kubecd-environment-pr-1422-2-m2rsd-1[0m stage [32mfrom-build-pack[0m and container [32mstep-git-source-cb-kubecd-environment-pr-1422-2-m2rsd-slbbd[0m
{"level":"info","ts":1587379962.5329022,"logger":"fallback-logger","caller":"logging/config.go:69","msg":"Fetch GitHub commit ID from kodata failed: open /var/run/ko/refs/heads/0.8.0-ns-support: no such file or directory"}
{"level":"info","ts":1587379963.574375,"logger":"fallback-logger","caller":"git/git.go:103","msg":"Successfully cloned https://github.com/cb-kubecd/environment-pr-1422-2-bdd-frontend-staging.git @ master in path /workspace/source"}

Showing logs for build [32mcb-kubecd-environment-pr-1422-2-m2rsd-1[0m stage [32mfrom-build-pack[0m and container [32mstep-git-merge[0m
Using SHAs from PULL_REFS=master:8d7066ec888ead4d15f6020d09362170e2908f49,1:3ae9a17845c368a923bd9a3de3982365c7c428a5
DEBUG: LC_ALL=C JX_LOG_LEVEL=error git fetch origin --unshallow 3ae9a17845c368a923bd9a3de3982365c7c428a5: 8d7066ec888ead4d15f6020d09362170e2908f49:
DEBUG: ran git fetch --unshallow origin 3ae9a17845c368a923bd9a3de3982365c7c428a5: 8d7066ec888ead4d15f6020d09362170e2908f49: in 
DEBUG: LC_ALL=C JX_LOG_LEVEL=error git branch
DEBUG: LC_ALL=C JX_LOG_LEVEL=error git checkout master
DEBUG: ran git checkout master in 
DEBUG: LC_ALL=C JX_LOG_LEVEL=error git reset --hard 8d7066ec888ead4d15f6020d09362170e2908f49
DEBUG: ran git reset --hard 8d7066ec888ead4d15f6020d09362170e2908f49 in 
DEBUG: LC_ALL=C JX_LOG_LEVEL=error git clean -fd .
DEBUG: ran clean --force -d . in 
DEBUG: LC_ALL=C JX_LOG_LEVEL=error git merge 3ae9a17845c368a923bd9a3de3982365c7c428a5
DEBUG: ran git merge 3ae9a17845c368a923bd9a3de3982365c7c428a5 in 
DEBUG: LC_ALL=C JX_LOG_LEVEL=error git log --format=%H%x1f%an%x1f%ae%x1f%cn%x1f%ce%x1f%s%n%b%x1e 8d7066ec888ead4d15f6020d09362170e2908f49..HEAD
Merged SHA 3ae9a17845c368a923bd9a3de3982365c7c428a5 with commit message 'chore: Promote bdd-nh-1587378959 to version 0.0.1' into base branch master

Showing logs for build [32mcb-kubecd-environment-pr-1422-2-m2rsd-1[0m stage [32mfrom-build-pack[0m and container [32mstep-build-helm-build[0m
WARNING: No $CHART_REPOSITORY defined so using the default value of: http://jenkins-x-chartmuseum:8080
Adding missing Helm repo: storage.googleapis.com https://storage.googleapis.com/chartmuseum.jenkins-x.io
WARNING: No secrets found on "helm/repos" due: reading the secret "helm/repos" from vault: no secret "helm/repos" not found in vault
Read credentials for https://storage.googleapis.com/chartmuseum.jenkins-x.io from vault helm/repos
Successfully added Helm repository storage.googleapis.com.
Adding missing Helm repo: jenkins-x-chartmuseum http://jenkins-x-chartmuseum:8080
WARNING: No secrets found on "helm/repos" due: reading the secret "helm/repos" from vault: no secret "helm/repos" not found in vault
Read credentials for http://jenkins-x-chartmuseum:8080 from vault helm/repos
Successfully added Helm repository jenkins-x-chartmuseum.
WARNING: No $CHART_REPOSITORY defined so using the default value of: http://jenkins-x-chartmuseum:8080
Adding missing Helm repo: chartmuseum.jenkins-x.io http://chartmuseum.jenkins-x.io
WARNING: No secrets found on "helm/repos" due: reading the secret "helm/repos" from vault: no secret "helm/repos" not found in vault
Read credentials for http://chartmuseum.jenkins-x.io from vault helm/repos
Successfully added Helm repository chartmuseum.jenkins-x.io.
